{"numFailedTestSuites":9,"numFailedTests":0,"numPassedTestSuites":0,"numPassedTests":0,"numPendingTestSuites":0,"numPendingTests":0,"numRuntimeErrorTestSuites":9,"numTodoTests":0,"numTotalTestSuites":9,"numTotalTests":0,"openHandles":[],"snapshot":{"added":0,"didUpdate":false,"failure":false,"filesAdded":0,"filesRemoved":0,"filesRemovedList":[],"filesUnmatched":0,"filesUpdated":0,"matched":0,"total":0,"unchecked":0,"uncheckedKeysByFile":[],"unmatched":0,"updated":0},"startTime":1770059423976,"success":false,"testResults":[{"assertionResults":[],"coverage":{},"endTime":1770059424516,"message":"  ● Test suite failed to run\n\n    Jest encountered an unexpected token\n\n    Jest failed to parse a file. This happens e.g. when your code or its dependencies use non-standard JavaScript syntax, or when Jest is not configured to support such syntax.\n\n    Out of the box Jest supports Babel, which will be used to transform your files into valid JS based on your Babel configuration.\n\n    By default \"node_modules\" folder is ignored by transformers.\n\n    Here's what you can do:\n     • If you are trying to use ECMAScript Modules, see https://jestjs.io/docs/ecmascript-modules for how to enable it.\n     • If you are trying to use TypeScript, see https://jestjs.io/docs/getting-started#using-typescript\n     • To have some of your \"node_modules\" files transformed, you can specify a custom \"transformIgnorePatterns\" in your config.\n     • If you need a custom transformation specify a \"transform\" option in your config.\n     • If you simply want to mock your non-JS modules (e.g. binary assets) you can stub them out with the \"moduleNameMapper\" config option.\n\n    You'll find more details and examples of these config options in the docs:\n    https://jestjs.io/docs/configuration\n    For information about custom transformations, see:\n    https://jestjs.io/docs/code-transformation\n\n    Details:\n\n    /Users/cemakpolat/Development/top-projects/timer-app/src/__tests__/styleHelpers.test.js:1\n    ({\"Object.<anonymous>\":function(module,exports,require,__dirname,__filename,jest){import { inputStyle, buttonStyle, cardStyle, selectStyle, textAreaStyle, checkboxStyle } from '../utils/styleHelpers';\n                                                                                      ^^^^^^\n\n    SyntaxError: Cannot use import statement outside a module\n\n      at Runtime.createScriptFromCode (node_modules/jest-runtime/build/index.js:1728:14)\n","name":"/Users/cemakpolat/Development/top-projects/timer-app/src/__tests__/styleHelpers.test.js","startTime":1770059424516,"status":"failed","summary":""},{"assertionResults":[],"coverage":{},"endTime":1770059424516,"message":"  ● Test suite failed to run\n\n    Jest encountered an unexpected token\n\n    Jest failed to parse a file. This happens e.g. when your code or its dependencies use non-standard JavaScript syntax, or when Jest is not configured to support such syntax.\n\n    Out of the box Jest supports Babel, which will be used to transform your files into valid JS based on your Babel configuration.\n\n    By default \"node_modules\" folder is ignored by transformers.\n\n    Here's what you can do:\n     • If you are trying to use ECMAScript Modules, see https://jestjs.io/docs/ecmascript-modules for how to enable it.\n     • If you are trying to use TypeScript, see https://jestjs.io/docs/getting-started#using-typescript\n     • To have some of your \"node_modules\" files transformed, you can specify a custom \"transformIgnorePatterns\" in your config.\n     • If you need a custom transformation specify a \"transform\" option in your config.\n     • If you simply want to mock your non-JS modules (e.g. binary assets) you can stub them out with the \"moduleNameMapper\" config option.\n\n    You'll find more details and examples of these config options in the docs:\n    https://jestjs.io/docs/configuration\n    For information about custom transformations, see:\n    https://jestjs.io/docs/code-transformation\n\n    Details:\n\n    /Users/cemakpolat/Development/top-projects/timer-app/src/__tests__/colorUtils.test.js:1\n    ({\"Object.<anonymous>\":function(module,exports,require,__dirname,__filename,jest){import { getLuminance, isLightColor, getContrastColor, hexToRgba, getTextOpacity, isValidHexColor, lightenColor, darkenColor } from '../utils/colorUtils';\n                                                                                      ^^^^^^\n\n    SyntaxError: Cannot use import statement outside a module\n\n      at Runtime.createScriptFromCode (node_modules/jest-runtime/build/index.js:1728:14)\n","name":"/Users/cemakpolat/Development/top-projects/timer-app/src/__tests__/colorUtils.test.js","startTime":1770059424516,"status":"failed","summary":""},{"assertionResults":[],"coverage":{},"endTime":1770059424516,"message":"  ● Test suite failed to run\n\n    Jest encountered an unexpected token\n\n    Jest failed to parse a file. This happens e.g. when your code or its dependencies use non-standard JavaScript syntax, or when Jest is not configured to support such syntax.\n\n    Out of the box Jest supports Babel, which will be used to transform your files into valid JS based on your Babel configuration.\n\n    By default \"node_modules\" folder is ignored by transformers.\n\n    Here's what you can do:\n     • If you are trying to use ECMAScript Modules, see https://jestjs.io/docs/ecmascript-modules for how to enable it.\n     • If you are trying to use TypeScript, see https://jestjs.io/docs/getting-started#using-typescript\n     • To have some of your \"node_modules\" files transformed, you can specify a custom \"transformIgnorePatterns\" in your config.\n     • If you need a custom transformation specify a \"transform\" option in your config.\n     • If you simply want to mock your non-JS modules (e.g. binary assets) you can stub them out with the \"moduleNameMapper\" config option.\n\n    You'll find more details and examples of these config options in the docs:\n    https://jestjs.io/docs/configuration\n    For information about custom transformations, see:\n    https://jestjs.io/docs/code-transformation\n\n    Details:\n\n    /Users/cemakpolat/Development/top-projects/timer-app/src/__tests__/logger.test.js:1\n    ({\"Object.<anonymous>\":function(module,exports,require,__dirname,__filename,jest){import { createLogger, configureLogger } from '../utils/logger';\n                                                                                      ^^^^^^\n\n    SyntaxError: Cannot use import statement outside a module\n\n      at Runtime.createScriptFromCode (node_modules/jest-runtime/build/index.js:1728:14)\n","name":"/Users/cemakpolat/Development/top-projects/timer-app/src/__tests__/logger.test.js","startTime":1770059424516,"status":"failed","summary":""},{"assertionResults":[],"coverage":{},"endTime":1770059424516,"message":"  ● Test suite failed to run\n\n    Jest encountered an unexpected token\n\n    Jest failed to parse a file. This happens e.g. when your code or its dependencies use non-standard JavaScript syntax, or when Jest is not configured to support such syntax.\n\n    Out of the box Jest supports Babel, which will be used to transform your files into valid JS based on your Babel configuration.\n\n    By default \"node_modules\" folder is ignored by transformers.\n\n    Here's what you can do:\n     • If you are trying to use ECMAScript Modules, see https://jestjs.io/docs/ecmascript-modules for how to enable it.\n     • If you are trying to use TypeScript, see https://jestjs.io/docs/getting-started#using-typescript\n     • To have some of your \"node_modules\" files transformed, you can specify a custom \"transformIgnorePatterns\" in your config.\n     • If you need a custom transformation specify a \"transform\" option in your config.\n     • If you simply want to mock your non-JS modules (e.g. binary assets) you can stub them out with the \"moduleNameMapper\" config option.\n\n    You'll find more details and examples of these config options in the docs:\n    https://jestjs.io/docs/configuration\n    For information about custom transformations, see:\n    https://jestjs.io/docs/code-transformation\n\n    Details:\n\n    /Users/cemakpolat/Development/top-projects/timer-app/src/__tests__/toastUtils.test.js:1\n    ({\"Object.<anonymous>\":function(module,exports,require,__dirname,__filename,jest){import { showToast, showSuccess, showError, showInfo, showWarning, handleError, withErrorHandling, validateOrToast } from '../utils/toastUtils';\n                                                                                      ^^^^^^\n\n    SyntaxError: Cannot use import statement outside a module\n\n      at Runtime.createScriptFromCode (node_modules/jest-runtime/build/index.js:1728:14)\n","name":"/Users/cemakpolat/Development/top-projects/timer-app/src/__tests__/toastUtils.test.js","startTime":1770059424516,"status":"failed","summary":""},{"assertionResults":[],"coverage":{},"endTime":1770059424516,"message":"  ● Test suite failed to run\n\n    Jest encountered an unexpected token\n\n    Jest failed to parse a file. This happens e.g. when your code or its dependencies use non-standard JavaScript syntax, or when Jest is not configured to support such syntax.\n\n    Out of the box Jest supports Babel, which will be used to transform your files into valid JS based on your Babel configuration.\n\n    By default \"node_modules\" folder is ignored by transformers.\n\n    Here's what you can do:\n     • If you are trying to use ECMAScript Modules, see https://jestjs.io/docs/ecmascript-modules for how to enable it.\n     • If you are trying to use TypeScript, see https://jestjs.io/docs/getting-started#using-typescript\n     • To have some of your \"node_modules\" files transformed, you can specify a custom \"transformIgnorePatterns\" in your config.\n     • If you need a custom transformation specify a \"transform\" option in your config.\n     • If you simply want to mock your non-JS modules (e.g. binary assets) you can stub them out with the \"moduleNameMapper\" config option.\n\n    You'll find more details and examples of these config options in the docs:\n    https://jestjs.io/docs/configuration\n    For information about custom transformations, see:\n    https://jestjs.io/docs/code-transformation\n\n    Details:\n\n    /Users/cemakpolat/Development/top-projects/timer-app/src/__tests__/timerUtils.test.js:1\n    ({\"Object.<anonymous>\":function(module,exports,require,__dirname,__filename,jest){import { formatTime, calculateTotalSeconds, calculateIntervalRemaining, validateTimerInput, parseTimeString } from '../utils/timerUtils';\n                                                                                      ^^^^^^\n\n    SyntaxError: Cannot use import statement outside a module\n\n      at Runtime.createScriptFromCode (node_modules/jest-runtime/build/index.js:1728:14)\n","name":"/Users/cemakpolat/Development/top-projects/timer-app/src/__tests__/timerUtils.test.js","startTime":1770059424516,"status":"failed","summary":""},{"assertionResults":[],"coverage":{},"endTime":1770059424516,"message":"  ● Test suite failed to run\n\n    Jest encountered an unexpected token\n\n    Jest failed to parse a file. This happens e.g. when your code or its dependencies use non-standard JavaScript syntax, or when Jest is not configured to support such syntax.\n\n    Out of the box Jest supports Babel, which will be used to transform your files into valid JS based on your Babel configuration.\n\n    By default \"node_modules\" folder is ignored by transformers.\n\n    Here's what you can do:\n     • If you are trying to use ECMAScript Modules, see https://jestjs.io/docs/ecmascript-modules for how to enable it.\n     • If you are trying to use TypeScript, see https://jestjs.io/docs/getting-started#using-typescript\n     • To have some of your \"node_modules\" files transformed, you can specify a custom \"transformIgnorePatterns\" in your config.\n     • If you need a custom transformation specify a \"transform\" option in your config.\n     • If you simply want to mock your non-JS modules (e.g. binary assets) you can stub them out with the \"moduleNameMapper\" config option.\n\n    You'll find more details and examples of these config options in the docs:\n    https://jestjs.io/docs/configuration\n    For information about custom transformations, see:\n    https://jestjs.io/docs/code-transformation\n\n    Details:\n\n    /Users/cemakpolat/Development/top-projects/timer-app/src/__tests__/scenes.test.js:1\n    ({\"Object.<anonymous>\":function(module,exports,require,__dirname,__filename,jest){import { SCENES, getScene, getAllScenes, hasScene } from '../utils/scenes';\n                                                                                      ^^^^^^\n\n    SyntaxError: Cannot use import statement outside a module\n\n      at Runtime.createScriptFromCode (node_modules/jest-runtime/build/index.js:1728:14)\n","name":"/Users/cemakpolat/Development/top-projects/timer-app/src/__tests__/scenes.test.js","startTime":1770059424516,"status":"failed","summary":""},{"assertionResults":[],"coverage":{},"endTime":1770059424516,"message":"  ● Test suite failed to run\n\n    Jest encountered an unexpected token\n\n    Jest failed to parse a file. This happens e.g. when your code or its dependencies use non-standard JavaScript syntax, or when Jest is not configured to support such syntax.\n\n    Out of the box Jest supports Babel, which will be used to transform your files into valid JS based on your Babel configuration.\n\n    By default \"node_modules\" folder is ignored by transformers.\n\n    Here's what you can do:\n     • If you are trying to use ECMAScript Modules, see https://jestjs.io/docs/ecmascript-modules for how to enable it.\n     • If you are trying to use TypeScript, see https://jestjs.io/docs/getting-started#using-typescript\n     • To have some of your \"node_modules\" files transformed, you can specify a custom \"transformIgnorePatterns\" in your config.\n     • If you need a custom transformation specify a \"transform\" option in your config.\n     • If you simply want to mock your non-JS modules (e.g. binary assets) you can stub them out with the \"moduleNameMapper\" config option.\n\n    You'll find more details and examples of these config options in the docs:\n    https://jestjs.io/docs/configuration\n    For information about custom transformations, see:\n    https://jestjs.io/docs/code-transformation\n\n    Details:\n\n    SyntaxError: /Users/cemakpolat/Development/top-projects/timer-app/src/App.test.js: Support for the experimental syntax 'jsx' isn't currently enabled (7:12):\n\n       5 | test('renders settings button', async () => {\n       6 |   await act(async () => {\n    >  7 |     render(<App />);\n         |            ^\n       8 |   });\n       9 |   const settingsButton = screen.getByTitle(/Settings/i);\n      10 |   expect(settingsButton).toBeInTheDocument();\n\n    Add @babel/preset-react (https://github.com/babel/babel/tree/main/packages/babel-preset-react) to the 'presets' section of your Babel config to enable transformation.\n    If you want to leave it as-is, add @babel/plugin-syntax-jsx (https://github.com/babel/babel/tree/main/packages/babel-plugin-syntax-jsx) to the 'plugins' section to enable parsing.\n\n    If you already added the plugin for this syntax to your config, it's possible that your config isn't being loaded.\n    You can re-run Babel with the BABEL_SHOW_CONFIG_FOR environment variable to show the loaded configuration:\n    \tnpx cross-env BABEL_SHOW_CONFIG_FOR=/Users/cemakpolat/Development/top-projects/timer-app/src/App.test.js <your build command>\n    See https://babeljs.io/docs/configuration#print-effective-configs for more info.\n\n      at toParseError (node_modules/@babel/parser/src/parse-error.ts:95:45)\n      at Parser.raise (node_modules/@babel/parser/src/tokenizer/index.ts:1503:19)\n      at Parser.expectOnePlugin (node_modules/@babel/parser/src/tokenizer/index.ts:1568:18)\n      at Parser.parseExprAtom (node_modules/@babel/parser/src/parser/expression.ts:1264:16)\n      at Parser.parseExprSubscripts (node_modules/@babel/parser/src/parser/expression.ts:734:23)\n      at Parser.parseUpdate (node_modules/@babel/parser/src/parser/expression.ts:713:21)\n      at Parser.parseMaybeUnary (node_modules/@babel/parser/src/parser/expression.ts:675:23)\n      at Parser.parseMaybeUnaryOrPrivate (node_modules/@babel/parser/src/parser/expression.ts:409:14)\n      at Parser.parseExprOps (node_modules/@babel/parser/src/parser/expression.ts:421:23)\n      at Parser.parseMaybeConditional (node_modules/@babel/parser/src/parser/expression.ts:376:23)\n      at Parser.parseMaybeAssign (node_modules/@babel/parser/src/parser/expression.ts:301:21)\n      at callback (node_modules/@babel/parser/src/parser/expression.ts:257:12)\n      at Parser.allowInAnd (node_modules/@babel/parser/src/parser/expression.ts:3192:12)\n      at Parser.parseMaybeAssignAllowIn (node_modules/@babel/parser/src/parser/expression.ts:256:17)\n      at Parser.parseMaybeAssignAllowInOrVoidPattern (node_modules/@babel/parser/src/parser/expression.ts:3306:17)\n      at Parser.parseExprListItem (node_modules/@babel/parser/src/parser/expression.ts:2788:18)\n      at Parser.parseCallExpressionArguments (node_modules/@babel/parser/src/parser/expression.ts:1034:14)\n      at Parser.parseCoverCallAndAsyncArrowHead (node_modules/@babel/parser/src/parser/expression.ts:914:29)\n      at Parser.parseSubscript (node_modules/@babel/parser/src/parser/expression.ts:796:19)\n      at Parser.parseSubscripts (node_modules/@babel/parser/src/parser/expression.ts:755:19)\n      at Parser.parseExprSubscripts (node_modules/@babel/parser/src/parser/expression.ts:740:17)\n      at Parser.parseUpdate (node_modules/@babel/parser/src/parser/expression.ts:713:21)\n      at Parser.parseMaybeUnary (node_modules/@babel/parser/src/parser/expression.ts:675:23)\n      at Parser.parseMaybeUnaryOrPrivate (node_modules/@babel/parser/src/parser/expression.ts:409:14)\n      at Parser.parseExprOps (node_modules/@babel/parser/src/parser/expression.ts:421:23)\n      at Parser.parseMaybeConditional (node_modules/@babel/parser/src/parser/expression.ts:376:23)\n      at Parser.parseMaybeAssign (node_modules/@babel/parser/src/parser/expression.ts:301:21)\n      at Parser.parseExpressionBase (node_modules/@babel/parser/src/parser/expression.ts:226:23)\n      at callback (node_modules/@babel/parser/src/parser/expression.ts:217:39)\n      at Parser.allowInAnd (node_modules/@babel/parser/src/parser/expression.ts:3187:16)\n      at Parser.parseExpression (node_modules/@babel/parser/src/parser/expression.ts:217:17)\n      at Parser.parseStatementContent (node_modules/@babel/parser/src/parser/statement.ts:683:23)\n      at Parser.parseStatementLike (node_modules/@babel/parser/src/parser/statement.ts:477:17)\n      at Parser.parseStatementListItem (node_modules/@babel/parser/src/parser/statement.ts:426:17)\n      at Parser.parseBlockOrModuleBlockBody (node_modules/@babel/parser/src/parser/statement.ts:1439:16)\n      at Parser.parseBlockBody (node_modules/@babel/parser/src/parser/statement.ts:1412:10)\n      at Parser.parseBlock (node_modules/@babel/parser/src/parser/statement.ts:1380:10)\n      at Parser.parseFunctionBody (node_modules/@babel/parser/src/parser/expression.ts:2616:24)\n      at Parser.parseArrowExpression (node_modules/@babel/parser/src/parser/expression.ts:2553:10)\n      at Parser.parseAsyncArrowFromCallExpression (node_modules/@babel/parser/src/parser/expression.ts:1059:10)\n      at Parser.parseCoverCallAndAsyncArrowHead (node_modules/@babel/parser/src/parser/expression.ts:934:27)\n      at Parser.parseSubscript (node_modules/@babel/parser/src/parser/expression.ts:796:19)\n      at Parser.parseSubscripts (node_modules/@babel/parser/src/parser/expression.ts:755:19)\n      at Parser.parseExprSubscripts (node_modules/@babel/parser/src/parser/expression.ts:740:17)\n      at Parser.parseUpdate (node_modules/@babel/parser/src/parser/expression.ts:713:21)\n      at Parser.parseMaybeUnary (node_modules/@babel/parser/src/parser/expression.ts:675:23)\n      at Parser.parseMaybeUnaryOrPrivate (node_modules/@babel/parser/src/parser/expression.ts:409:14)\n      at Parser.parseExprOps (node_modules/@babel/parser/src/parser/expression.ts:421:23)\n      at Parser.parseMaybeConditional (node_modules/@babel/parser/src/parser/expression.ts:376:23)\n      at Parser.parseMaybeAssign (node_modules/@babel/parser/src/parser/expression.ts:301:21)\n","name":"/Users/cemakpolat/Development/top-projects/timer-app/src/App.test.js","startTime":1770059424516,"status":"failed","summary":""},{"assertionResults":[],"coverage":{},"endTime":1770059424516,"message":"  ● Test suite failed to run\n\n    Jest encountered an unexpected token\n\n    Jest failed to parse a file. This happens e.g. when your code or its dependencies use non-standard JavaScript syntax, or when Jest is not configured to support such syntax.\n\n    Out of the box Jest supports Babel, which will be used to transform your files into valid JS based on your Babel configuration.\n\n    By default \"node_modules\" folder is ignored by transformers.\n\n    Here's what you can do:\n     • If you are trying to use ECMAScript Modules, see https://jestjs.io/docs/ecmascript-modules for how to enable it.\n     • If you are trying to use TypeScript, see https://jestjs.io/docs/getting-started#using-typescript\n     • To have some of your \"node_modules\" files transformed, you can specify a custom \"transformIgnorePatterns\" in your config.\n     • If you need a custom transformation specify a \"transform\" option in your config.\n     • If you simply want to mock your non-JS modules (e.g. binary assets) you can stub them out with the \"moduleNameMapper\" config option.\n\n    You'll find more details and examples of these config options in the docs:\n    https://jestjs.io/docs/configuration\n    For information about custom transformations, see:\n    https://jestjs.io/docs/code-transformation\n\n    Details:\n\n    SyntaxError: /Users/cemakpolat/Development/top-projects/timer-app/src/__tests__/TimerPanel.test.js: Support for the experimental syntax 'jsx' isn't currently enabled (26:12):\n\n      24 |\n      25 |   test('renders timer input fields', () => {\n    > 26 |     render(<TimerPanel {...mockProps} />);\n         |            ^\n      27 |     \n      28 |     const hourInput = screen.getByPlaceholderText('HH');\n      29 |     const minuteInput = screen.getByPlaceholderText('MM');\n\n    Add @babel/preset-react (https://github.com/babel/babel/tree/main/packages/babel-preset-react) to the 'presets' section of your Babel config to enable transformation.\n    If you want to leave it as-is, add @babel/plugin-syntax-jsx (https://github.com/babel/babel/tree/main/packages/babel-plugin-syntax-jsx) to the 'plugins' section to enable parsing.\n\n    If you already added the plugin for this syntax to your config, it's possible that your config isn't being loaded.\n    You can re-run Babel with the BABEL_SHOW_CONFIG_FOR environment variable to show the loaded configuration:\n    \tnpx cross-env BABEL_SHOW_CONFIG_FOR=/Users/cemakpolat/Development/top-projects/timer-app/src/__tests__/TimerPanel.test.js <your build command>\n    See https://babeljs.io/docs/configuration#print-effective-configs for more info.\n\n      at toParseError (node_modules/@babel/parser/src/parse-error.ts:95:45)\n      at Parser.raise (node_modules/@babel/parser/src/tokenizer/index.ts:1503:19)\n      at Parser.expectOnePlugin (node_modules/@babel/parser/src/tokenizer/index.ts:1568:18)\n      at Parser.parseExprAtom (node_modules/@babel/parser/src/parser/expression.ts:1264:16)\n      at Parser.parseExprSubscripts (node_modules/@babel/parser/src/parser/expression.ts:734:23)\n      at Parser.parseUpdate (node_modules/@babel/parser/src/parser/expression.ts:713:21)\n      at Parser.parseMaybeUnary (node_modules/@babel/parser/src/parser/expression.ts:675:23)\n      at Parser.parseMaybeUnaryOrPrivate (node_modules/@babel/parser/src/parser/expression.ts:409:14)\n      at Parser.parseExprOps (node_modules/@babel/parser/src/parser/expression.ts:421:23)\n      at Parser.parseMaybeConditional (node_modules/@babel/parser/src/parser/expression.ts:376:23)\n      at Parser.parseMaybeAssign (node_modules/@babel/parser/src/parser/expression.ts:301:21)\n      at callback (node_modules/@babel/parser/src/parser/expression.ts:257:12)\n      at Parser.allowInAnd (node_modules/@babel/parser/src/parser/expression.ts:3192:12)\n      at Parser.parseMaybeAssignAllowIn (node_modules/@babel/parser/src/parser/expression.ts:256:17)\n      at Parser.parseMaybeAssignAllowInOrVoidPattern (node_modules/@babel/parser/src/parser/expression.ts:3306:17)\n      at Parser.parseExprListItem (node_modules/@babel/parser/src/parser/expression.ts:2788:18)\n      at Parser.parseCallExpressionArguments (node_modules/@babel/parser/src/parser/expression.ts:1034:14)\n      at Parser.parseCoverCallAndAsyncArrowHead (node_modules/@babel/parser/src/parser/expression.ts:914:29)\n      at Parser.parseSubscript (node_modules/@babel/parser/src/parser/expression.ts:796:19)\n      at Parser.parseSubscripts (node_modules/@babel/parser/src/parser/expression.ts:755:19)\n      at Parser.parseExprSubscripts (node_modules/@babel/parser/src/parser/expression.ts:740:17)\n      at Parser.parseUpdate (node_modules/@babel/parser/src/parser/expression.ts:713:21)\n      at Parser.parseMaybeUnary (node_modules/@babel/parser/src/parser/expression.ts:675:23)\n      at Parser.parseMaybeUnaryOrPrivate (node_modules/@babel/parser/src/parser/expression.ts:409:14)\n      at Parser.parseExprOps (node_modules/@babel/parser/src/parser/expression.ts:421:23)\n      at Parser.parseMaybeConditional (node_modules/@babel/parser/src/parser/expression.ts:376:23)\n      at Parser.parseMaybeAssign (node_modules/@babel/parser/src/parser/expression.ts:301:21)\n      at Parser.parseExpressionBase (node_modules/@babel/parser/src/parser/expression.ts:226:23)\n      at callback (node_modules/@babel/parser/src/parser/expression.ts:217:39)\n      at Parser.allowInAnd (node_modules/@babel/parser/src/parser/expression.ts:3187:16)\n      at Parser.parseExpression (node_modules/@babel/parser/src/parser/expression.ts:217:17)\n      at Parser.parseStatementContent (node_modules/@babel/parser/src/parser/statement.ts:683:23)\n      at Parser.parseStatementLike (node_modules/@babel/parser/src/parser/statement.ts:477:17)\n      at Parser.parseStatementListItem (node_modules/@babel/parser/src/parser/statement.ts:426:17)\n      at Parser.parseBlockOrModuleBlockBody (node_modules/@babel/parser/src/parser/statement.ts:1439:16)\n      at Parser.parseBlockBody (node_modules/@babel/parser/src/parser/statement.ts:1412:10)\n      at Parser.parseBlock (node_modules/@babel/parser/src/parser/statement.ts:1380:10)\n      at Parser.parseFunctionBody (node_modules/@babel/parser/src/parser/expression.ts:2616:24)\n      at Parser.parseArrowExpression (node_modules/@babel/parser/src/parser/expression.ts:2553:10)\n      at Parser.parseParenAndDistinguishExpression (node_modules/@babel/parser/src/parser/expression.ts:1837:12)\n      at Parser.parseExprAtom (node_modules/@babel/parser/src/parser/expression.ts:1162:21)\n      at Parser.parseExprSubscripts (node_modules/@babel/parser/src/parser/expression.ts:734:23)\n      at Parser.parseUpdate (node_modules/@babel/parser/src/parser/expression.ts:713:21)\n      at Parser.parseMaybeUnary (node_modules/@babel/parser/src/parser/expression.ts:675:23)\n      at Parser.parseMaybeUnaryOrPrivate (node_modules/@babel/parser/src/parser/expression.ts:409:14)\n      at Parser.parseExprOps (node_modules/@babel/parser/src/parser/expression.ts:421:23)\n      at Parser.parseMaybeConditional (node_modules/@babel/parser/src/parser/expression.ts:376:23)\n      at Parser.parseMaybeAssign (node_modules/@babel/parser/src/parser/expression.ts:301:21)\n      at callback (node_modules/@babel/parser/src/parser/expression.ts:257:12)\n      at Parser.allowInAnd (node_modules/@babel/parser/src/parser/expression.ts:3192:12)\n","name":"/Users/cemakpolat/Development/top-projects/timer-app/src/__tests__/TimerPanel.test.js","startTime":1770059424516,"status":"failed","summary":""},{"assertionResults":[],"coverage":{},"endTime":1770059424516,"message":"  ● Test suite failed to run\n\n    Jest encountered an unexpected token\n\n    Jest failed to parse a file. This happens e.g. when your code or its dependencies use non-standard JavaScript syntax, or when Jest is not configured to support such syntax.\n\n    Out of the box Jest supports Babel, which will be used to transform your files into valid JS based on your Babel configuration.\n\n    By default \"node_modules\" folder is ignored by transformers.\n\n    Here's what you can do:\n     • If you are trying to use ECMAScript Modules, see https://jestjs.io/docs/ecmascript-modules for how to enable it.\n     • If you are trying to use TypeScript, see https://jestjs.io/docs/getting-started#using-typescript\n     • To have some of your \"node_modules\" files transformed, you can specify a custom \"transformIgnorePatterns\" in your config.\n     • If you need a custom transformation specify a \"transform\" option in your config.\n     • If you simply want to mock your non-JS modules (e.g. binary assets) you can stub them out with the \"moduleNameMapper\" config option.\n\n    You'll find more details and examples of these config options in the docs:\n    https://jestjs.io/docs/configuration\n    For information about custom transformations, see:\n    https://jestjs.io/docs/code-transformation\n\n    Details:\n\n    SyntaxError: /Users/cemakpolat/Development/top-projects/timer-app/src/__tests__/IntervalPanel.test.js: Support for the experimental syntax 'jsx' isn't currently enabled (26:12):\n\n      24 |\n      25 |   test('renders interval input fields', () => {\n    > 26 |     render(<IntervalPanel {...mockProps} />);\n         |            ^\n      27 |     \n      28 |     expect(screen.getByText('Work (sec)')).toBeInTheDocument();\n      29 |     expect(screen.getByText('Rest (sec)')).toBeInTheDocument();\n\n    Add @babel/preset-react (https://github.com/babel/babel/tree/main/packages/babel-preset-react) to the 'presets' section of your Babel config to enable transformation.\n    If you want to leave it as-is, add @babel/plugin-syntax-jsx (https://github.com/babel/babel/tree/main/packages/babel-plugin-syntax-jsx) to the 'plugins' section to enable parsing.\n\n    If you already added the plugin for this syntax to your config, it's possible that your config isn't being loaded.\n    You can re-run Babel with the BABEL_SHOW_CONFIG_FOR environment variable to show the loaded configuration:\n    \tnpx cross-env BABEL_SHOW_CONFIG_FOR=/Users/cemakpolat/Development/top-projects/timer-app/src/__tests__/IntervalPanel.test.js <your build command>\n    See https://babeljs.io/docs/configuration#print-effective-configs for more info.\n\n      at toParseError (node_modules/@babel/parser/src/parse-error.ts:95:45)\n      at Parser.raise (node_modules/@babel/parser/src/tokenizer/index.ts:1503:19)\n      at Parser.expectOnePlugin (node_modules/@babel/parser/src/tokenizer/index.ts:1568:18)\n      at Parser.parseExprAtom (node_modules/@babel/parser/src/parser/expression.ts:1264:16)\n      at Parser.parseExprSubscripts (node_modules/@babel/parser/src/parser/expression.ts:734:23)\n      at Parser.parseUpdate (node_modules/@babel/parser/src/parser/expression.ts:713:21)\n      at Parser.parseMaybeUnary (node_modules/@babel/parser/src/parser/expression.ts:675:23)\n      at Parser.parseMaybeUnaryOrPrivate (node_modules/@babel/parser/src/parser/expression.ts:409:14)\n      at Parser.parseExprOps (node_modules/@babel/parser/src/parser/expression.ts:421:23)\n      at Parser.parseMaybeConditional (node_modules/@babel/parser/src/parser/expression.ts:376:23)\n      at Parser.parseMaybeAssign (node_modules/@babel/parser/src/parser/expression.ts:301:21)\n      at callback (node_modules/@babel/parser/src/parser/expression.ts:257:12)\n      at Parser.allowInAnd (node_modules/@babel/parser/src/parser/expression.ts:3192:12)\n      at Parser.parseMaybeAssignAllowIn (node_modules/@babel/parser/src/parser/expression.ts:256:17)\n      at Parser.parseMaybeAssignAllowInOrVoidPattern (node_modules/@babel/parser/src/parser/expression.ts:3306:17)\n      at Parser.parseExprListItem (node_modules/@babel/parser/src/parser/expression.ts:2788:18)\n      at Parser.parseCallExpressionArguments (node_modules/@babel/parser/src/parser/expression.ts:1034:14)\n      at Parser.parseCoverCallAndAsyncArrowHead (node_modules/@babel/parser/src/parser/expression.ts:914:29)\n      at Parser.parseSubscript (node_modules/@babel/parser/src/parser/expression.ts:796:19)\n      at Parser.parseSubscripts (node_modules/@babel/parser/src/parser/expression.ts:755:19)\n      at Parser.parseExprSubscripts (node_modules/@babel/parser/src/parser/expression.ts:740:17)\n      at Parser.parseUpdate (node_modules/@babel/parser/src/parser/expression.ts:713:21)\n      at Parser.parseMaybeUnary (node_modules/@babel/parser/src/parser/expression.ts:675:23)\n      at Parser.parseMaybeUnaryOrPrivate (node_modules/@babel/parser/src/parser/expression.ts:409:14)\n      at Parser.parseExprOps (node_modules/@babel/parser/src/parser/expression.ts:421:23)\n      at Parser.parseMaybeConditional (node_modules/@babel/parser/src/parser/expression.ts:376:23)\n      at Parser.parseMaybeAssign (node_modules/@babel/parser/src/parser/expression.ts:301:21)\n      at Parser.parseExpressionBase (node_modules/@babel/parser/src/parser/expression.ts:226:23)\n      at callback (node_modules/@babel/parser/src/parser/expression.ts:217:39)\n      at Parser.allowInAnd (node_modules/@babel/parser/src/parser/expression.ts:3187:16)\n      at Parser.parseExpression (node_modules/@babel/parser/src/parser/expression.ts:217:17)\n      at Parser.parseStatementContent (node_modules/@babel/parser/src/parser/statement.ts:683:23)\n      at Parser.parseStatementLike (node_modules/@babel/parser/src/parser/statement.ts:477:17)\n      at Parser.parseStatementListItem (node_modules/@babel/parser/src/parser/statement.ts:426:17)\n      at Parser.parseBlockOrModuleBlockBody (node_modules/@babel/parser/src/parser/statement.ts:1439:16)\n      at Parser.parseBlockBody (node_modules/@babel/parser/src/parser/statement.ts:1412:10)\n      at Parser.parseBlock (node_modules/@babel/parser/src/parser/statement.ts:1380:10)\n      at Parser.parseFunctionBody (node_modules/@babel/parser/src/parser/expression.ts:2616:24)\n      at Parser.parseArrowExpression (node_modules/@babel/parser/src/parser/expression.ts:2553:10)\n      at Parser.parseParenAndDistinguishExpression (node_modules/@babel/parser/src/parser/expression.ts:1837:12)\n      at Parser.parseExprAtom (node_modules/@babel/parser/src/parser/expression.ts:1162:21)\n      at Parser.parseExprSubscripts (node_modules/@babel/parser/src/parser/expression.ts:734:23)\n      at Parser.parseUpdate (node_modules/@babel/parser/src/parser/expression.ts:713:21)\n      at Parser.parseMaybeUnary (node_modules/@babel/parser/src/parser/expression.ts:675:23)\n      at Parser.parseMaybeUnaryOrPrivate (node_modules/@babel/parser/src/parser/expression.ts:409:14)\n      at Parser.parseExprOps (node_modules/@babel/parser/src/parser/expression.ts:421:23)\n      at Parser.parseMaybeConditional (node_modules/@babel/parser/src/parser/expression.ts:376:23)\n      at Parser.parseMaybeAssign (node_modules/@babel/parser/src/parser/expression.ts:301:21)\n      at callback (node_modules/@babel/parser/src/parser/expression.ts:257:12)\n      at Parser.allowInAnd (node_modules/@babel/parser/src/parser/expression.ts:3192:12)\n","name":"/Users/cemakpolat/Development/top-projects/timer-app/src/__tests__/IntervalPanel.test.js","startTime":1770059424516,"status":"failed","summary":""}],"wasInterrupted":false}